Using pre-set license
Built from '2020.3/staging' branch; Version is '2020.3.26f1 (7298b473bc1a) revision 7510196'; Using compiler version '192528614'; Build Type 'Release'
OS: 'Windows 10  (10.0.19044) 64bit Core' Language: 'en' Physical Memory: 8043 MB
BatchMode: 1, IsHumanControllingUs: 0, StartBugReporterOnCrash: 0, Is64bit: 1, IsPro: 0

COMMAND LINE ARGUMENTS:
C:\Program Files\Unity\Hub\Editor\2020.3.26f1\Editor\Unity.exe
-adb2
-batchMode
-noUpm
-name
AssetImportWorker0
-projectPath
D:/Bit academy/exercises/unity/projects & challanges/Examen
-logFile
Logs/AssetImportWorker0.log
-srvPort
53958
Successfully changed project path to: D:/Bit academy/exercises/unity/projects & challanges/Examen
D:/Bit academy/exercises/unity/projects & challanges/Examen
Using Asset Import Pipeline V2.
Refreshing native plugins compatible for Editor in 34.70 ms, found 2 plugins.
Preloading 0 native plugins for Editor in 0.00 ms.
Initialize engine version: 2020.3.26f1 (7298b473bc1a)
[Subsystems] Discovering subsystems at path C:/Program Files/Unity/Hub/Editor/2020.3.26f1/Editor/Data/Resources/UnitySubsystems
[Subsystems] Discovering subsystems at path D:/Bit academy/exercises/unity/projects & challanges/Examen/Assets
GfxDevice: creating device client; threaded=0
Direct3D:
    Version:  Direct3D 11.0 [level 11.1]
    Renderer: Intel(R) UHD Graphics 620 (ID=0x3ea0)
    Vendor:   
    VRAM:     4021 MB
    Driver:   27.20.100.8681
Initialize mono
Mono path[0] = 'C:/Program Files/Unity/Hub/Editor/2020.3.26f1/Editor/Data/Managed'
Mono path[1] = 'C:/Program Files/Unity/Hub/Editor/2020.3.26f1/Editor/Data/MonoBleedingEdge/lib/mono/unityjit'
Mono config path = 'C:/Program Files/Unity/Hub/Editor/2020.3.26f1/Editor/Data/MonoBleedingEdge/etc'
Using monoOptions --debugger-agent=transport=dt_socket,embedding=1,server=y,suspend=n,address=127.0.0.1:56212
Begin MonoManager ReloadAssembly
Registering precompiled unity dll's ...
Register platform support module: C:/Program Files/Unity/Hub/Editor/2020.3.26f1/Editor/Data/PlaybackEngines/WindowsStandaloneSupport/UnityEditor.WindowsStandalone.Extensions.dll
Registered in 0.002894 seconds.
Native extension for WindowsStandalone target not found
Refreshing native plugins compatible for Editor in 34.00 ms, found 2 plugins.
Preloading 0 native plugins for Editor in 0.00 ms.
Mono: successfully reloaded assembly
- Completed reload, in  0.638 seconds
Domain Reload Profiling:
	ReloadAssembly (638ms)
		BeginReloadAssembly (65ms)
			ExecutionOrderSort (0ms)
			DisableScriptedObjects (0ms)
			BackupInstance (0ms)
			ReleaseScriptingObjects (0ms)
			CreateAndSetChildDomain (1ms)
		EndReloadAssembly (491ms)
			LoadAssemblies (62ms)
			RebuildTransferFunctionScriptingTraits (0ms)
			SetupTypeCache (169ms)
			ReleaseScriptCaches (0ms)
			RebuildScriptCaches (44ms)
			SetupLoadedEditorAssemblies (170ms)
				LogAssemblyErrors (0ms)
				InitializePlatformSupportModulesInManaged (5ms)
				SetLoadedEditorAssemblies (0ms)
				RefreshPlugins (34ms)
				BeforeProcessingInitializeOnLoad (14ms)
				ProcessInitializeOnLoadAttributes (86ms)
				ProcessInitializeOnLoadMethodAttributes (31ms)
				AfterProcessingInitializeOnLoad (0ms)
				EditorAssembliesLoaded (0ms)
			ExecutionOrderSort2 (0ms)
			AwakeInstancesAfterBackupRestoration (0ms)
Platform modules already initialized, skipping
Registering precompiled user dll's ...
Registered in 0.004299 seconds.
Begin MonoManager ReloadAssembly
Native extension for WindowsStandalone target not found
Refreshing native plugins compatible for Editor in 0.40 ms, found 2 plugins.
Preloading 0 native plugins for Editor in 0.00 ms.
Mono: successfully reloaded assembly
- Completed reload, in  1.236 seconds
Domain Reload Profiling:
	ReloadAssembly (1237ms)
		BeginReloadAssembly (157ms)
			ExecutionOrderSort (0ms)
			DisableScriptedObjects (5ms)
			BackupInstance (0ms)
			ReleaseScriptingObjects (0ms)
			CreateAndSetChildDomain (20ms)
		EndReloadAssembly (1015ms)
			LoadAssemblies (97ms)
			RebuildTransferFunctionScriptingTraits (0ms)
			SetupTypeCache (345ms)
			ReleaseScriptCaches (0ms)
			RebuildScriptCaches (53ms)
			SetupLoadedEditorAssemblies (382ms)
				LogAssemblyErrors (0ms)
				InitializePlatformSupportModulesInManaged (10ms)
				SetLoadedEditorAssemblies (1ms)
				RefreshPlugins (0ms)
				BeforeProcessingInitializeOnLoad (141ms)
				ProcessInitializeOnLoadAttributes (210ms)
				ProcessInitializeOnLoadMethodAttributes (9ms)
				AfterProcessingInitializeOnLoad (10ms)
				EditorAssembliesLoaded (0ms)
			ExecutionOrderSort2 (0ms)
			AwakeInstancesAfterBackupRestoration (7ms)
Platform modules already initialized, skipping
========================================================================
Worker process is ready to serve import requests
Launched and connected shader compiler UnityShaderCompiler.exe after 0.09 seconds
Refreshing native plugins compatible for Editor in 0.71 ms, found 2 plugins.
Preloading 0 native plugins for Editor in 0.00 ms.
Unloading 1524 Unused Serialized files (Serialized files now loaded: 0)
System memory in use before: 84.5 MB.
System memory in use after: 84.6 MB.

Unloading 18 unused Assets to reduce memory usage. Loaded Objects now: 1983.
Total: 4.876700 ms (FindLiveObjects: 0.142200 ms CreateObjectMapping: 0.048600 ms MarkObjects: 4.656000 ms  DeleteObjects: 0.028000 ms)

AssetImportParameters requested are different than current active one (requested -> active):
  custom:framework-win-MediaFoundation: 216162199b28c13a410421893ffa2e32 -> 
  custom:video-decoder-ogg-theora: a1e56fd34408186e4bbccfd4996cb3dc -> 
  custom:container-muxer-webm: aa71ff27fc2769a1b78a27578f13a17b -> 
  custom:container-demuxer-webm: 4f35f7cbe854078d1ac9338744f61a02 -> 
  custom:container-demuxer-ogg: 62fdf1f143b41e24485cea50d1cbac27 -> 
  custom:video-encoder-webm-vp8: eb34c28f22e8b96e1ab97ce403110664 -> 
  custom:video-decoder-webm-vp8: 9c59270c3fd7afecdb556c50c9e8de78 -> 
  custom:audio-decoder-ogg-vorbis: bf7c407c2cedff20999df2af8eb42d56 -> 
  custom:audio-encoder-webm-vorbis: bf7c407c2cedff20999df2af8eb42d56 -> 
========================================================================
Received Import Request.
  path: Assets/Challenge 3/Course Library/Particles/FX_Explosion_Rubble.prefab
  artifactKey: Guid(079954accd64b32419ec069129c81273) Importer(815301076,1909f56bfc062723c751e8b465ee728b)
Start importing Assets/Challenge 3/Course Library/Particles/FX_Explosion_Rubble.prefab using Guid(079954accd64b32419ec069129c81273) Importer(815301076,1909f56bfc062723c751e8b465ee728b)  -> (artifact id: '02390d1c9880ed2d27672ec3496fb968') in 0.138083 seconds 
  Import took 0.157585 seconds .

========================================================================
Received Import Request.
  Time since last request: 0.000317 seconds.
  path: Assets/Challenge 3/Course Library/Particles/FX_Fireworks_Yellow_Small.prefab
  artifactKey: Guid(6586ff0f14125534cae2f5d8f04b7871) Importer(815301076,1909f56bfc062723c751e8b465ee728b)
Start importing Assets/Challenge 3/Course Library/Particles/FX_Fireworks_Yellow_Small.prefab using Guid(6586ff0f14125534cae2f5d8f04b7871) Importer(815301076,1909f56bfc062723c751e8b465ee728b)  -> (artifact id: '42a9f651fe22de28971cfbe74f94947a') in 0.019381 seconds 
  Import took 0.040658 seconds .

========================================================================
Received Import Request.
  Time since last request: 0.000492 seconds.
  path: Assets/Challenge 3/Course Library/Particles
  artifactKey: Guid(2dea1fa933514c64ebf1451d219b6297) Importer(815301076,1909f56bfc062723c751e8b465ee728b)
Start importing Assets/Challenge 3/Course Library/Particles using Guid(2dea1fa933514c64ebf1451d219b6297) Importer(815301076,1909f56bfc062723c751e8b465ee728b)  -> (artifact id: '9ac162ac1bb70fc877e87cc34a50abdb') in 0.003741 seconds 
  Import took 0.009441 seconds .

========================================================================
Received Import Request.
  Time since last request: 0.000336 seconds.
  path: Assets/Challenge 3/Course Library
  artifactKey: Guid(af40eda2387fa9448b11f83e4e2a86a0) Importer(815301076,1909f56bfc062723c751e8b465ee728b)
Start importing Assets/Challenge 3/Course Library using Guid(af40eda2387fa9448b11f83e4e2a86a0) Importer(815301076,1909f56bfc062723c751e8b465ee728b)  -> (artifact id: '83003d2aa2b4fcaf382da9619c740be2') in 0.005575 seconds 
  Import took 0.042231 seconds .

========================================================================
Received Import Request.
  Time since last request: 9.960824 seconds.
  path: Assets/Challenge 3/Course Library/Particles/FX_Explosion_Rubble.prefab
  artifactKey: Guid(079954accd64b32419ec069129c81273) Importer(815301076,1909f56bfc062723c751e8b465ee728b)
Start importing Assets/Challenge 3/Course Library/Particles/FX_Explosion_Rubble.prefab using Guid(079954accd64b32419ec069129c81273) Importer(815301076,1909f56bfc062723c751e8b465ee728b)  -> (artifact id: 'ff5782df44c991ba247d7c892d4e95f0') in 0.017735 seconds 
  Import took 0.032669 seconds .

========================================================================
Received Import Request.
  Time since last request: 1.956215 seconds.
  path: Assets/Challenge 3/Course Library/Particles/FX_Explosion_Rubble.prefab
  artifactKey: Guid(079954accd64b32419ec069129c81273) Importer(815301076,1909f56bfc062723c751e8b465ee728b)
Start importing Assets/Challenge 3/Course Library/Particles/FX_Explosion_Rubble.prefab using Guid(079954accd64b32419ec069129c81273) Importer(815301076,1909f56bfc062723c751e8b465ee728b)  -> (artifact id: '3195a3546614315da7124db2e052aa4f') in 0.021162 seconds 
  Import took 0.041217 seconds .

========================================================================
Received Import Request.
  Time since last request: 0.540507 seconds.
  path: Assets/Challenge 3/Course Library/Particles/FX_Explosion_Rubble.prefab
  artifactKey: Guid(079954accd64b32419ec069129c81273) Importer(815301076,1909f56bfc062723c751e8b465ee728b)
Start importing Assets/Challenge 3/Course Library/Particles/FX_Explosion_Rubble.prefab using Guid(079954accd64b32419ec069129c81273) Importer(815301076,1909f56bfc062723c751e8b465ee728b)  -> (artifact id: '3d42d43d4da4050a41e1c2d8bac4ad31') in 0.015733 seconds 
  Import took 0.048219 seconds .

========================================================================
Received Import Request.
  Time since last request: 1.389431 seconds.
  path: Assets/Challenge 3/Course Library/Particles/FX_Explosion_Rubble.prefab
  artifactKey: Guid(079954accd64b32419ec069129c81273) Importer(815301076,1909f56bfc062723c751e8b465ee728b)
Start importing Assets/Challenge 3/Course Library/Particles/FX_Explosion_Rubble.prefab using Guid(079954accd64b32419ec069129c81273) Importer(815301076,1909f56bfc062723c751e8b465ee728b)  -> (artifact id: '3eca28caca8b899b28e8d44e60a2b2c6') in 0.020436 seconds 
  Import took 0.039263 seconds .

========================================================================
Received Import Request.
  Time since last request: 34.232849 seconds.
  path: Assets/Challenge 3/Course Library/Particles/FX_Explosion_Rubble.prefab
  artifactKey: Guid(079954accd64b32419ec069129c81273) Importer(815301076,1909f56bfc062723c751e8b465ee728b)
Start importing Assets/Challenge 3/Course Library/Particles/FX_Explosion_Rubble.prefab using Guid(079954accd64b32419ec069129c81273) Importer(815301076,1909f56bfc062723c751e8b465ee728b)  -> (artifact id: '5dbfcf62e986654fdb835e6d090bdd00') in 0.017700 seconds 
  Import took 0.051782 seconds .

========================================================================
Received Import Request.
  Time since last request: 1.774803 seconds.
  path: Assets/Challenge 3/Course Library/Particles/FX_Explosion_Rubble.prefab
  artifactKey: Guid(079954accd64b32419ec069129c81273) Importer(815301076,1909f56bfc062723c751e8b465ee728b)
Start importing Assets/Challenge 3/Course Library/Particles/FX_Explosion_Rubble.prefab using Guid(079954accd64b32419ec069129c81273) Importer(815301076,1909f56bfc062723c751e8b465ee728b)  -> (artifact id: '1d9fe1bf46aa1995ddc508b12010d9d4') in 0.017875 seconds 
  Import took 0.065289 seconds .

========================================================================
Received Import Request.
  Time since last request: 0.955734 seconds.
  path: Assets/Challenge 3/Course Library/Particles/FX_Explosion_Rubble.prefab
  artifactKey: Guid(079954accd64b32419ec069129c81273) Importer(815301076,1909f56bfc062723c751e8b465ee728b)
Start importing Assets/Challenge 3/Course Library/Particles/FX_Explosion_Rubble.prefab using Guid(079954accd64b32419ec069129c81273) Importer(815301076,1909f56bfc062723c751e8b465ee728b)  -> (artifact id: '62ad9b5e05f0b1c45a3159373fd512de') in 0.018927 seconds 
  Import took 0.056976 seconds .

========================================================================
Received Import Request.
  Time since last request: 16.171991 seconds.
  path: Assets/Challenge 3/Course Library/Particles/FX_Explosion_Rubble.prefab
  artifactKey: Guid(079954accd64b32419ec069129c81273) Importer(815301076,1909f56bfc062723c751e8b465ee728b)
Start importing Assets/Challenge 3/Course Library/Particles/FX_Explosion_Rubble.prefab using Guid(079954accd64b32419ec069129c81273) Importer(815301076,1909f56bfc062723c751e8b465ee728b)  -> (artifact id: '000f4e79852d4919f5b81dfadd788c6e') in 0.014423 seconds 
  Import took 0.028623 seconds .

========================================================================
Received Import Request.
  Time since last request: 4.413622 seconds.
  path: Assets/Challenge 3/Course Library/Particles/FX_Explosion_Rubble.prefab
  artifactKey: Guid(079954accd64b32419ec069129c81273) Importer(815301076,1909f56bfc062723c751e8b465ee728b)
Start importing Assets/Challenge 3/Course Library/Particles/FX_Explosion_Rubble.prefab using Guid(079954accd64b32419ec069129c81273) Importer(815301076,1909f56bfc062723c751e8b465ee728b)  -> (artifact id: '509ddad8f78b8d476bdd7c4d6d95e2e4') in 0.018979 seconds 
  Import took 0.024587 seconds .

========================================================================
Received Import Request.
  Time since last request: 396.249507 seconds.
  path: Assets/48 Particle Effect Pack/Effect
  artifactKey: Guid(3f0fe9a801da76149abfb17a97d76c76) Importer(815301076,1909f56bfc062723c751e8b465ee728b)
Start importing Assets/48 Particle Effect Pack/Effect using Guid(3f0fe9a801da76149abfb17a97d76c76) Importer(815301076,1909f56bfc062723c751e8b465ee728b)  -> (artifact id: '270f5383117feb6f2ca947985c731664') in 0.012099 seconds 
  Import took 0.019005 seconds .

========================================================================
Received Import Request.
  Time since last request: 0.306473 seconds.
  path: Assets/48 Particle Effect Pack/Effect/Ball.prefab
  artifactKey: Guid(f1fca55934f274a4b9c8fd316d61e964) Importer(815301076,1909f56bfc062723c751e8b465ee728b)
Start importing Assets/48 Particle Effect Pack/Effect/Ball.prefab using Guid(f1fca55934f274a4b9c8fd316d61e964) Importer(815301076,1909f56bfc062723c751e8b465ee728b)  -> (artifact id: '505e9975d11c2c242a17f2dc2114ab80') in 0.074862 seconds 
  Import took 0.078728 seconds .

========================================================================
Received Import Request.
  Time since last request: 0.000344 seconds.
  path: Assets/48 Particle Effect Pack/Effect/Explosion8.prefab
  artifactKey: Guid(53d301af6d66cf94497e9fcec3cb6699) Importer(815301076,1909f56bfc062723c751e8b465ee728b)
Start importing Assets/48 Particle Effect Pack/Effect/Explosion8.prefab using Guid(53d301af6d66cf94497e9fcec3cb6699) Importer(815301076,1909f56bfc062723c751e8b465ee728b)  -> (artifact id: 'eb5e327f03b5537f0076cc2bc63c9837') in 0.020899 seconds 
  Import took 0.025108 seconds .

========================================================================
Received Import Request.
  Time since last request: 0.000588 seconds.
  path: Assets/48 Particle Effect Pack/Effect/LightningState3.prefab
  artifactKey: Guid(58f9ce12da61d134080b5256eda98191) Importer(815301076,1909f56bfc062723c751e8b465ee728b)
Start importing Assets/48 Particle Effect Pack/Effect/LightningState3.prefab using Guid(58f9ce12da61d134080b5256eda98191) Importer(815301076,1909f56bfc062723c751e8b465ee728b)  -> (artifact id: 'e9a92afc623afa1d76b13173a03a81e4') in 0.033463 seconds 
  Import took 0.061057 seconds .

========================================================================
Received Import Request.
  Time since last request: 0.000342 seconds.
  path: Assets/48 Particle Effect Pack/Effect/Explosion.prefab
  artifactKey: Guid(f881607407b15cc46b24d6bda799037a) Importer(815301076,1909f56bfc062723c751e8b465ee728b)
Start importing Assets/48 Particle Effect Pack/Effect/Explosion.prefab using Guid(f881607407b15cc46b24d6bda799037a) Importer(815301076,1909f56bfc062723c751e8b465ee728b)  -> (artifact id: '14f5157775b5b5f0a700980811bd3e2a') in 0.023491 seconds 
  Import took 0.026823 seconds .

========================================================================
Received Import Request.
  Time since last request: 0.000516 seconds.
  path: Assets/48 Particle Effect Pack/Effect/FireBall2.prefab
  artifactKey: Guid(973eb0a45c837fd46993e1f277f5dacf) Importer(815301076,1909f56bfc062723c751e8b465ee728b)
Start importing Assets/48 Particle Effect Pack/Effect/FireBall2.prefab using Guid(973eb0a45c837fd46993e1f277f5dacf) Importer(815301076,1909f56bfc062723c751e8b465ee728b)  -> (artifact id: 'df1e913fcd5b2c053e61fe968ec16a5a') in 0.021710 seconds 
  Import took 0.030896 seconds .

========================================================================
Received Import Request.
  Time since last request: 0.000296 seconds.
  path: Assets/48 Particle Effect Pack/Effect/LightningState.prefab
  artifactKey: Guid(7099a8c65c7533e4680b71bb8ce55c3d) Importer(815301076,1909f56bfc062723c751e8b465ee728b)
Start importing Assets/48 Particle Effect Pack/Effect/LightningState.prefab using Guid(7099a8c65c7533e4680b71bb8ce55c3d) Importer(815301076,1909f56bfc062723c751e8b465ee728b)  -> (artifact id: '008e61e79059e67b5775b7add77d5750') in 0.022817 seconds 
  Import took 0.025640 seconds .

========================================================================
Received Import Request.
  Time since last request: 0.000398 seconds.
  path: Assets/48 Particle Effect Pack/Effect/FantasySun.prefab
  artifactKey: Guid(0dc8a41118815f049b519e777f0eb41e) Importer(815301076,1909f56bfc062723c751e8b465ee728b)
Start importing Assets/48 Particle Effect Pack/Effect/FantasySun.prefab using Guid(0dc8a41118815f049b519e777f0eb41e) Importer(815301076,1909f56bfc062723c751e8b465ee728b)  -> (artifact id: '7ca8b94b2788a7a1154c5a3b5bfd87f0') in 0.024490 seconds 
  Import took 0.055117 seconds .

========================================================================
Received Import Request.
  Time since last request: 0.000393 seconds.
  path: Assets/48 Particle Effect Pack/Effect/Sparking2.prefab
  artifactKey: Guid(50f1c35dedf5eb940a3ee61713626364) Importer(815301076,1909f56bfc062723c751e8b465ee728b)
Start importing Assets/48 Particle Effect Pack/Effect/Sparking2.prefab using Guid(50f1c35dedf5eb940a3ee61713626364) Importer(815301076,1909f56bfc062723c751e8b465ee728b)  -> (artifact id: 'ae390d2f50f6741a96a99ac5d630674a') in 0.023369 seconds 
  Import took 0.079766 seconds .

========================================================================
Received Import Request.
  Time since last request: 0.000495 seconds.
  path: Assets/48 Particle Effect Pack/Effect/FireBall3.prefab
  artifactKey: Guid(0ffc584583b8c1541b3c2100725f6ab5) Importer(815301076,1909f56bfc062723c751e8b465ee728b)
Start importing Assets/48 Particle Effect Pack/Effect/FireBall3.prefab using Guid(0ffc584583b8c1541b3c2100725f6ab5) Importer(815301076,1909f56bfc062723c751e8b465ee728b)  -> (artifact id: 'fa006d78eed23cfed932bd6558e7c92c') in 0.026429 seconds 
  Import took 0.047228 seconds .

========================================================================
Received Import Request.
  Time since last request: 0.000228 seconds.
  path: Assets/48 Particle Effect Pack/Effect/Flame2.prefab
  artifactKey: Guid(79ea71ffadab038428d7002939ad9077) Importer(815301076,1909f56bfc062723c751e8b465ee728b)
Start importing Assets/48 Particle Effect Pack/Effect/Flame2.prefab using Guid(79ea71ffadab038428d7002939ad9077) Importer(815301076,1909f56bfc062723c751e8b465ee728b)  -> (artifact id: 'acf00a52046a00588398fd00e3100374') in 0.025036 seconds 
  Import took 0.029169 seconds .

========================================================================
Received Import Request.
  Time since last request: 0.000269 seconds.
  path: Assets/48 Particle Effect Pack/Effect/Explosion3.prefab
  artifactKey: Guid(3f1d919251d33ab45a23dc83a945d1da) Importer(815301076,1909f56bfc062723c751e8b465ee728b)
Start importing Assets/48 Particle Effect Pack/Effect/Explosion3.prefab using Guid(3f1d919251d33ab45a23dc83a945d1da) Importer(815301076,1909f56bfc062723c751e8b465ee728b)  -> (artifact id: 'd166261231967147d2f09361c08d74c4') in 0.032660 seconds 
  Import took 0.036285 seconds .

========================================================================
Received Import Request.
  Time since last request: 0.000247 seconds.
  path: Assets/48 Particle Effect Pack/Effect/Laser bombardment3.prefab
  artifactKey: Guid(6422340191d2291478e7e4f77bbc5204) Importer(815301076,1909f56bfc062723c751e8b465ee728b)
Start importing Assets/48 Particle Effect Pack/Effect/Laser bombardment3.prefab using Guid(6422340191d2291478e7e4f77bbc5204) Importer(815301076,1909f56bfc062723c751e8b465ee728b)  -> (artifact id: '5c39d06eee9d6198e49c3005c43bea56') in 0.037685 seconds 
  Import took 0.042666 seconds .

========================================================================
Received Import Request.
  Time since last request: 0.000274 seconds.
  path: Assets/48 Particle Effect Pack/Effect/Portal3.prefab
  artifactKey: Guid(06c8e33ce02e2224b964f44ee8004f9a) Importer(815301076,1909f56bfc062723c751e8b465ee728b)
Start importing Assets/48 Particle Effect Pack/Effect/Portal3.prefab using Guid(06c8e33ce02e2224b964f44ee8004f9a) Importer(815301076,1909f56bfc062723c751e8b465ee728b)  -> (artifact id: '4071937d076424c92908a03d37cf78a7') in 0.025769 seconds 
  Import took 0.030756 seconds .

========================================================================
Received Import Request.
  Time since last request: 0.000245 seconds.
  path: Assets/48 Particle Effect Pack/Effect/DarkBall2.prefab
  artifactKey: Guid(7a52d3ff698a7dc4dbc5f0152df3371a) Importer(815301076,1909f56bfc062723c751e8b465ee728b)
Start importing Assets/48 Particle Effect Pack/Effect/DarkBall2.prefab using Guid(7a52d3ff698a7dc4dbc5f0152df3371a) Importer(815301076,1909f56bfc062723c751e8b465ee728b)  -> (artifact id: '6d38a2cf8b65847d463accbc54f40c6a') in 0.024836 seconds 
  Import took 0.031065 seconds .

========================================================================
Received Import Request.
  Time since last request: 0.000276 seconds.
  path: Assets/48 Particle Effect Pack/Effect/Portal.prefab
  artifactKey: Guid(a087aa2c7016d2042a3b744b2afc4fb0) Importer(815301076,1909f56bfc062723c751e8b465ee728b)
Start importing Assets/48 Particle Effect Pack/Effect/Portal.prefab using Guid(a087aa2c7016d2042a3b744b2afc4fb0) Importer(815301076,1909f56bfc062723c751e8b465ee728b)  -> (artifact id: 'd06ae418d47c3e42ef226f9cf4f03449') in 0.025878 seconds 
  Import took 0.116707 seconds .

========================================================================
Received Import Request.
  Time since last request: 0.000824 seconds.
  path: Assets/48 Particle Effect Pack/Effect/Snow.prefab
  artifactKey: Guid(5124dc2491c482e45ac7dd914d77ddc6) Importer(815301076,1909f56bfc062723c751e8b465ee728b)
Start importing Assets/48 Particle Effect Pack/Effect/Snow.prefab using Guid(5124dc2491c482e45ac7dd914d77ddc6) Importer(815301076,1909f56bfc062723c751e8b465ee728b)  -> (artifact id: 'd6d81631f3142992277cc052a78c1a8e') in 0.036902 seconds 
  Import took 0.047955 seconds .

========================================================================
Received Import Request.
  Time since last request: 0.000283 seconds.
  path: Assets/48 Particle Effect Pack/Effect/Explosion7.prefab
  artifactKey: Guid(f99757c3449090646b2e54da3138946a) Importer(815301076,1909f56bfc062723c751e8b465ee728b)
Start importing Assets/48 Particle Effect Pack/Effect/Explosion7.prefab using Guid(f99757c3449090646b2e54da3138946a) Importer(815301076,1909f56bfc062723c751e8b465ee728b)  -> (artifact id: '3fd078181cc70c69993e8b066827788f') in 0.027942 seconds 
  Import took 0.042332 seconds .

========================================================================
Received Import Request.
  Time since last request: 0.000400 seconds.
  path: Assets/48 Particle Effect Pack/Effect/GreemPlame.prefab
  artifactKey: Guid(2fdab942587233e42ad5de42efdc56af) Importer(815301076,1909f56bfc062723c751e8b465ee728b)
Start importing Assets/48 Particle Effect Pack/Effect/GreemPlame.prefab using Guid(2fdab942587233e42ad5de42efdc56af) Importer(815301076,1909f56bfc062723c751e8b465ee728b)  -> (artifact id: 'd22fc70b4234104e8a339c00e49c7910') in 0.023176 seconds 
  Import took 0.026977 seconds .

========================================================================
Received Import Request.
  Time since last request: 0.000317 seconds.
  path: Assets/48 Particle Effect Pack/Effect/Cube.prefab
  artifactKey: Guid(417d95259df90e4488eb927fde45cba3) Importer(815301076,1909f56bfc062723c751e8b465ee728b)
Start importing Assets/48 Particle Effect Pack/Effect/Cube.prefab using Guid(417d95259df90e4488eb927fde45cba3) Importer(815301076,1909f56bfc062723c751e8b465ee728b)  -> (artifact id: '3fa66e8b23992e67d82feea231a5e074') in 0.021800 seconds 
  Import took 0.039060 seconds .

========================================================================
Received Import Request.
  Time since last request: 0.000226 seconds.
  path: Assets/48 Particle Effect Pack/Effect/FantasyEffect.prefab
  artifactKey: Guid(958065eadd2de834cba095e936840ab9) Importer(815301076,1909f56bfc062723c751e8b465ee728b)
Start importing Assets/48 Particle Effect Pack/Effect/FantasyEffect.prefab using Guid(958065eadd2de834cba095e936840ab9) Importer(815301076,1909f56bfc062723c751e8b465ee728b)  -> (artifact id: 'fa923a8ffa3c6c53bca36bdd4fc9a1bd') in 0.028519 seconds 
  Import took 0.056157 seconds .

========================================================================
Received Import Request.
  Time since last request: 0.000367 seconds.
  path: Assets/48 Particle Effect Pack/Effect/Explosion4.prefab
  artifactKey: Guid(1b0efe600cd9bcd48ae21ef3dffffff8) Importer(815301076,1909f56bfc062723c751e8b465ee728b)
Start importing Assets/48 Particle Effect Pack/Effect/Explosion4.prefab using Guid(1b0efe600cd9bcd48ae21ef3dffffff8) Importer(815301076,1909f56bfc062723c751e8b465ee728b)  -> (artifact id: '0fd6f671a247f5696708c591c9f4cc3f') in 0.024014 seconds 
  Import took 0.027106 seconds .

========================================================================
Received Import Request.
  Time since last request: 0.000314 seconds.
  path: Assets/48 Particle Effect Pack/Effect/LightningBall2.prefab
  artifactKey: Guid(d667c498c736d054fbe9373c25331986) Importer(815301076,1909f56bfc062723c751e8b465ee728b)
Start importing Assets/48 Particle Effect Pack/Effect/LightningBall2.prefab using Guid(d667c498c736d054fbe9373c25331986) Importer(815301076,1909f56bfc062723c751e8b465ee728b)  -> (artifact id: '899321a96b90026db98fb366a3025acd') in 0.029766 seconds 
  Import took 0.064798 seconds .

========================================================================
Received Import Request.
  Time since last request: 0.000299 seconds.
  path: Assets/48 Particle Effect Pack/Effect/Sparking.prefab
  artifactKey: Guid(96536afb634b32043bb988d4576053d3) Importer(815301076,1909f56bfc062723c751e8b465ee728b)
Start importing Assets/48 Particle Effect Pack/Effect/Sparking.prefab using Guid(96536afb634b32043bb988d4576053d3) Importer(815301076,1909f56bfc062723c751e8b465ee728b)  -> (artifact id: '38036244f95be2c33c2a318f27f3a943') in 0.030245 seconds 
  Import took 0.047420 seconds .

========================================================================
Received Import Request.
  Time since last request: 0.000339 seconds.
  path: Assets/48 Particle Effect Pack/Effect/FireBall.prefab
  artifactKey: Guid(a590c04abd57be544b50a1b51a6674ac) Importer(815301076,1909f56bfc062723c751e8b465ee728b)
Start importing Assets/48 Particle Effect Pack/Effect/FireBall.prefab using Guid(a590c04abd57be544b50a1b51a6674ac) Importer(815301076,1909f56bfc062723c751e8b465ee728b)  -> (artifact id: 'b13443dba66f4718c23773a8f996e652') in 0.035613 seconds 
  Import took 0.047567 seconds .

========================================================================
Received Import Request.
  Time since last request: 0.000297 seconds.
  path: Assets/48 Particle Effect Pack/Effect/FantasySun2.prefab
  artifactKey: Guid(7676f997c96af1442b54560bff6edaee) Importer(815301076,1909f56bfc062723c751e8b465ee728b)
Start importing Assets/48 Particle Effect Pack/Effect/FantasySun2.prefab using Guid(7676f997c96af1442b54560bff6edaee) Importer(815301076,1909f56bfc062723c751e8b465ee728b)  -> (artifact id: '7b0761853b462681e7701abb3e97fdc5') in 0.025066 seconds 
  Import took 0.040189 seconds .

========================================================================
Received Import Request.
  Time since last request: 0.000225 seconds.
  path: Assets/48 Particle Effect Pack/Effect/Explosion9.prefab
  artifactKey: Guid(10b506478f435cf4ca5bbcf982c59f08) Importer(815301076,1909f56bfc062723c751e8b465ee728b)
Start importing Assets/48 Particle Effect Pack/Effect/Explosion9.prefab using Guid(10b506478f435cf4ca5bbcf982c59f08) Importer(815301076,1909f56bfc062723c751e8b465ee728b)  -> (artifact id: '5d8ee91aac46305cb36647d3130bdbe3') in 0.024970 seconds 
  Import took 0.030369 seconds .

========================================================================
Received Import Request.
  Time since last request: 0.000295 seconds.
  path: Assets/48 Particle Effect Pack/Effect/Hole.prefab
  artifactKey: Guid(5372b37f496b28548942cf8e99afeb2e) Importer(815301076,1909f56bfc062723c751e8b465ee728b)
Start importing Assets/48 Particle Effect Pack/Effect/Hole.prefab using Guid(5372b37f496b28548942cf8e99afeb2e) Importer(815301076,1909f56bfc062723c751e8b465ee728b)  -> (artifact id: '3cd3265e0f4c56d27b7ea12fc761129d') in 0.028981 seconds 
  Import took 0.033328 seconds .

========================================================================
Received Import Request.
  Time since last request: 0.000222 seconds.
  path: Assets/48 Particle Effect Pack/Effect/DarkBall.prefab
  artifactKey: Guid(176790904455b214b92ac1cfd30fddc9) Importer(815301076,1909f56bfc062723c751e8b465ee728b)
Start importing Assets/48 Particle Effect Pack/Effect/DarkBall.prefab using Guid(176790904455b214b92ac1cfd30fddc9) Importer(815301076,1909f56bfc062723c751e8b465ee728b)  -> (artifact id: '5629f8e86aa3f8dc016a2ab1c4292910') in 0.033252 seconds 
  Import took 0.040507 seconds .

========================================================================
Received Import Request.
  Time since last request: 0.001428 seconds.
  path: Assets/48 Particle Effect Pack/Effect/LightningCloud.prefab
  artifactKey: Guid(a4af0d82b00381c48bc30b65c57ba3f8) Importer(815301076,1909f56bfc062723c751e8b465ee728b)
Start importing Assets/48 Particle Effect Pack/Effect/LightningCloud.prefab using Guid(a4af0d82b00381c48bc30b65c57ba3f8) Importer(815301076,1909f56bfc062723c751e8b465ee728b)  -> (artifact id: '9e648c9291faa9a87d7c3a75fddeba53') in 0.030298 seconds 
  Import took 0.036673 seconds .

========================================================================
Received Import Request.
  Time since last request: 0.000374 seconds.
  path: Assets/48 Particle Effect Pack/Effect/Portal2.prefab
  artifactKey: Guid(0f158be916b4cb245ae87ffe75725147) Importer(815301076,1909f56bfc062723c751e8b465ee728b)
Start importing Assets/48 Particle Effect Pack/Effect/Portal2.prefab using Guid(0f158be916b4cb245ae87ffe75725147) Importer(815301076,1909f56bfc062723c751e8b465ee728b)  -> (artifact id: 'b7d1f74f2bd4dc21211e19a06448a873') in 0.032991 seconds 
  Import took 0.075916 seconds .

========================================================================
Received Import Request.
  Time since last request: 0.000385 seconds.
  path: Assets/48 Particle Effect Pack/Effect/Laser bombardment.prefab
  artifactKey: Guid(41caabb81e9bb9f468feae7e763002e2) Importer(815301076,1909f56bfc062723c751e8b465ee728b)
Start importing Assets/48 Particle Effect Pack/Effect/Laser bombardment.prefab using Guid(41caabb81e9bb9f468feae7e763002e2) Importer(815301076,1909f56bfc062723c751e8b465ee728b)  -> (artifact id: 'a4b6c624b05a605da78a2649296716cc') in 0.032522 seconds 
  Import took 0.055337 seconds .

========================================================================
Received Import Request.
  Time since last request: 0.000338 seconds.
  path: Assets/48 Particle Effect Pack/Effect/Buff.prefab
  artifactKey: Guid(a92a42a2125977345a54e9b8306b5880) Importer(815301076,1909f56bfc062723c751e8b465ee728b)
Start importing Assets/48 Particle Effect Pack/Effect/Buff.prefab using Guid(a92a42a2125977345a54e9b8306b5880) Importer(815301076,1909f56bfc062723c751e8b465ee728b)  -> (artifact id: 'bdd36f5b53b25c1d2aae454c0f16dca9') in 0.038619 seconds 
  Import took 0.046047 seconds .

========================================================================
Received Import Request.
  Time since last request: 0.000286 seconds.
  path: Assets/48 Particle Effect Pack/Effect/Buff2.prefab
  artifactKey: Guid(68849d937b3285f4083f33a1dc4cd5ed) Importer(815301076,1909f56bfc062723c751e8b465ee728b)
Start importing Assets/48 Particle Effect Pack/Effect/Buff2.prefab using Guid(68849d937b3285f4083f33a1dc4cd5ed) Importer(815301076,1909f56bfc062723c751e8b465ee728b)  -> (artifact id: '0cd29c8c59228120beb7d0e0e00d3dd4') in 0.035848 seconds 
  Import took 0.042995 seconds .

========================================================================
Received Import Request.
  Time since last request: 0.000399 seconds.
  path: Assets/48 Particle Effect Pack/Effect/LightningBall.prefab
  artifactKey: Guid(2c557f8333c64984790ab0461bed7113) Importer(815301076,1909f56bfc062723c751e8b465ee728b)
Start importing Assets/48 Particle Effect Pack/Effect/LightningBall.prefab using Guid(2c557f8333c64984790ab0461bed7113) Importer(815301076,1909f56bfc062723c751e8b465ee728b)  -> (artifact id: '570b9381e347b2d7cd1533cfb3eedbb9') in 0.029798 seconds 
  Import took 0.039855 seconds .

========================================================================
Received Import Request.
  Time since last request: 0.000349 seconds.
  path: Assets/48 Particle Effect Pack/Effect/Explosion5.prefab
  artifactKey: Guid(33384af7b24a0f14cb7bbf3b795f7a2b) Importer(815301076,1909f56bfc062723c751e8b465ee728b)
Start importing Assets/48 Particle Effect Pack/Effect/Explosion5.prefab using Guid(33384af7b24a0f14cb7bbf3b795f7a2b) Importer(815301076,1909f56bfc062723c751e8b465ee728b)  -> (artifact id: '7919b7fa6bb3eb1f78b43db9d6184580') in 0.034470 seconds 
  Import took 0.037922 seconds .

========================================================================
Received Import Request.
  Time since last request: 0.000311 seconds.
  path: Assets/48 Particle Effect Pack/Effect/LightningState2.prefab
  artifactKey: Guid(7c687a4414095c349a8ec5ac5f3cccb2) Importer(815301076,1909f56bfc062723c751e8b465ee728b)
Start importing Assets/48 Particle Effect Pack/Effect/LightningState2.prefab using Guid(7c687a4414095c349a8ec5ac5f3cccb2) Importer(815301076,1909f56bfc062723c751e8b465ee728b)  -> (artifact id: '2d568d26a6d8997dc4a2eca40e878bd2') in 0.019296 seconds 
  Import took 0.022459 seconds .

========================================================================
Received Import Request.
  Time since last request: 0.000228 seconds.
  path: Assets/48 Particle Effect Pack/Effect/Poison.prefab
  artifactKey: Guid(2ffc588afbc8e364dad6109fe9ad7a54) Importer(815301076,1909f56bfc062723c751e8b465ee728b)
Start importing Assets/48 Particle Effect Pack/Effect/Poison.prefab using Guid(2ffc588afbc8e364dad6109fe9ad7a54) Importer(815301076,1909f56bfc062723c751e8b465ee728b)  -> (artifact id: '21bb66e10dd8ef0a5e85608322077f22') in 0.014845 seconds 
  Import took 0.019445 seconds .

========================================================================
Received Import Request.
  Time since last request: 0.000191 seconds.
  path: Assets/48 Particle Effect Pack/Effect/Ball2.prefab
  artifactKey: Guid(10a7ec2a2783770419a38059c45ea8b3) Importer(815301076,1909f56bfc062723c751e8b465ee728b)
Start importing Assets/48 Particle Effect Pack/Effect/Ball2.prefab using Guid(10a7ec2a2783770419a38059c45ea8b3) Importer(815301076,1909f56bfc062723c751e8b465ee728b)  -> (artifact id: 'c832b893c70f8b966dd7dce971d9ccd2') in 0.013996 seconds 
  Import took 0.016711 seconds .

========================================================================
Received Import Request.
  Time since last request: 0.000197 seconds.
  path: Assets/48 Particle Effect Pack/Effect/Flame.prefab
  artifactKey: Guid(d205bba4d197a5f45a64abfcc6123c20) Importer(815301076,1909f56bfc062723c751e8b465ee728b)
Start importing Assets/48 Particle Effect Pack/Effect/Flame.prefab using Guid(d205bba4d197a5f45a64abfcc6123c20) Importer(815301076,1909f56bfc062723c751e8b465ee728b)  -> (artifact id: '738cd79699c476cceb8f391454cc2f36') in 0.028733 seconds 
  Import took 0.032260 seconds .

========================================================================
Received Import Request.
  Time since last request: 0.000277 seconds.
  path: Assets/48 Particle Effect Pack/Effect/FlameEmission.prefab
  artifactKey: Guid(e8ee802c71045d5478061ad7452d3b65) Importer(815301076,1909f56bfc062723c751e8b465ee728b)
Start importing Assets/48 Particle Effect Pack/Effect/FlameEmission.prefab using Guid(e8ee802c71045d5478061ad7452d3b65) Importer(815301076,1909f56bfc062723c751e8b465ee728b)  -> (artifact id: '363fa82c848268e02641d7b153f70ca7') in 0.018747 seconds 
  Import took 0.021829 seconds .

========================================================================
Received Import Request.
  Time since last request: 0.000220 seconds.
  path: Assets/48 Particle Effect Pack/Effect/Laser bombardment4.prefab
  artifactKey: Guid(ff9eb0a0f9983744eb282f0506ed5d7f) Importer(815301076,1909f56bfc062723c751e8b465ee728b)
Start importing Assets/48 Particle Effect Pack/Effect/Laser bombardment4.prefab using Guid(ff9eb0a0f9983744eb282f0506ed5d7f) Importer(815301076,1909f56bfc062723c751e8b465ee728b)  -> (artifact id: 'f5f664e23f3364cc1f30c60dd15d9999') in 0.016521 seconds 
  Import took 0.019913 seconds .

========================================================================
Received Import Request.
  Time since last request: 0.000256 seconds.
  path: Assets/48 Particle Effect Pack/Effect/Laser bombardment2.prefab
  artifactKey: Guid(43cd9440a6b0f644dbf500837634ced5) Importer(815301076,1909f56bfc062723c751e8b465ee728b)
Start importing Assets/48 Particle Effect Pack/Effect/Laser bombardment2.prefab using Guid(43cd9440a6b0f644dbf500837634ced5) Importer(815301076,1909f56bfc062723c751e8b465ee728b)  -> (artifact id: '9adfb2d84f3f967d80926cb0f0918316') in 0.040265 seconds 
  Import took 0.045470 seconds .

========================================================================
Received Import Request.
  Time since last request: 0.000266 seconds.
  path: Assets/48 Particle Effect Pack/Effect/Explosion2.prefab
  artifactKey: Guid(8b940ede2c20ec44ba870a2cdd277051) Importer(815301076,1909f56bfc062723c751e8b465ee728b)
Start importing Assets/48 Particle Effect Pack/Effect/Explosion2.prefab using Guid(8b940ede2c20ec44ba870a2cdd277051) Importer(815301076,1909f56bfc062723c751e8b465ee728b)  -> (artifact id: 'a63e259727990d985bd4bd5df02ac558') in 0.027079 seconds 
  Import took 0.030772 seconds .

========================================================================
Received Import Request.
  Time since last request: 0.000262 seconds.
  path: Assets/48 Particle Effect Pack/Effect/Buff3.prefab
  artifactKey: Guid(4f1e87ee37fd9904b8aa23d71ab1b9a1) Importer(815301076,1909f56bfc062723c751e8b465ee728b)
Start importing Assets/48 Particle Effect Pack/Effect/Buff3.prefab using Guid(4f1e87ee37fd9904b8aa23d71ab1b9a1) Importer(815301076,1909f56bfc062723c751e8b465ee728b)  -> (artifact id: 'ac1bec19b71d150e944455250ddbb4c5') in 0.024957 seconds 
  Import took 0.049592 seconds .

========================================================================
Received Import Request.
  Time since last request: 0.000191 seconds.
  path: Assets/48 Particle Effect Pack/Effect/Explosion6.prefab
  artifactKey: Guid(f3613b78354895b469b7da1f0a90e686) Importer(815301076,1909f56bfc062723c751e8b465ee728b)
Start importing Assets/48 Particle Effect Pack/Effect/Explosion6.prefab using Guid(f3613b78354895b469b7da1f0a90e686) Importer(815301076,1909f56bfc062723c751e8b465ee728b)  -> (artifact id: '80c808f4bc6598e038d0125da932b2d8') in 0.027805 seconds 
  Import took 0.032888 seconds .

========================================================================
Received Import Request.
  Time since last request: 6.768803 seconds.
  path: Assets/48 Particle Effect Pack/Effect/Sparking3.prefab
  artifactKey: Guid(b26161bd088b9ef4992538643ba979ba) Importer(815301076,1909f56bfc062723c751e8b465ee728b)
Start importing Assets/48 Particle Effect Pack/Effect/Sparking3.prefab using Guid(b26161bd088b9ef4992538643ba979ba) Importer(815301076,1909f56bfc062723c751e8b465ee728b)  -> (artifact id: 'bd8d38d19c7caa952954812666dd6493') in 0.021466 seconds 
  Import took 0.025904 seconds .

========================================================================
Received Import Request.
  Time since last request: 0.000431 seconds.
  path: Assets/48 Particle Effect Pack/Effect/SpirEmission.prefab
  artifactKey: Guid(13f5b71c9b5ee7f4db9fa2986c4fbb10) Importer(815301076,1909f56bfc062723c751e8b465ee728b)
Start importing Assets/48 Particle Effect Pack/Effect/SpirEmission.prefab using Guid(13f5b71c9b5ee7f4db9fa2986c4fbb10) Importer(815301076,1909f56bfc062723c751e8b465ee728b)  -> (artifact id: 'b5117d4579da923fcc3a04b8c25a5f9f') in 0.029036 seconds 
  Import took 0.034275 seconds .

========================================================================
Received Prepare
Registering precompiled user dll's ...
Registered in 0.004352 seconds.
Begin MonoManager ReloadAssembly
Native extension for WindowsStandalone target not found
Refreshing native plugins compatible for Editor in 0.54 ms, found 2 plugins.
Preloading 0 native plugins for Editor in 0.00 ms.
Mono: successfully reloaded assembly
- Completed reload, in  1.283 seconds
Domain Reload Profiling:
	ReloadAssembly (1283ms)
		BeginReloadAssembly (137ms)
			ExecutionOrderSort (0ms)
			DisableScriptedObjects (7ms)
			BackupInstance (0ms)
			ReleaseScriptingObjects (0ms)
			CreateAndSetChildDomain (37ms)
		EndReloadAssembly (1075ms)
			LoadAssemblies (117ms)
			RebuildTransferFunctionScriptingTraits (0ms)
			SetupTypeCache (409ms)
			ReleaseScriptCaches (1ms)
			RebuildScriptCaches (44ms)
			SetupLoadedEditorAssemblies (363ms)
				LogAssemblyErrors (0ms)
				InitializePlatformSupportModulesInManaged (6ms)
				SetLoadedEditorAssemblies (1ms)
				RefreshPlugins (1ms)
				BeforeProcessingInitializeOnLoad (107ms)
				ProcessInitializeOnLoadAttributes (230ms)
				ProcessInitializeOnLoadMethodAttributes (9ms)
				AfterProcessingInitializeOnLoad (10ms)
				EditorAssembliesLoaded (0ms)
			ExecutionOrderSort2 (0ms)
			AwakeInstancesAfterBackupRestoration (9ms)
Platform modules already initialized, skipping
Refreshing native plugins compatible for Editor in 0.36 ms, found 2 plugins.
Preloading 0 native plugins for Editor in 0.00 ms.
Unloading 1505 Unused Serialized files (Serialized files now loaded: 0)
System memory in use before: 86.4 MB.
System memory in use after: 86.5 MB.

Unloading 14 unused Assets to reduce memory usage. Loaded Objects now: 1998.
Total: 2.770700 ms (FindLiveObjects: 0.143200 ms CreateObjectMapping: 0.044800 ms MarkObjects: 2.568600 ms  DeleteObjects: 0.013400 ms)

AssetImportParameters requested are different than current active one (requested -> active):
  custom:framework-win-MediaFoundation: 216162199b28c13a410421893ffa2e32 -> 
  custom:video-decoder-ogg-theora: a1e56fd34408186e4bbccfd4996cb3dc -> 
  custom:container-muxer-webm: aa71ff27fc2769a1b78a27578f13a17b -> 
  custom:container-demuxer-webm: 4f35f7cbe854078d1ac9338744f61a02 -> 
  custom:container-demuxer-ogg: 62fdf1f143b41e24485cea50d1cbac27 -> 
  custom:video-encoder-webm-vp8: eb34c28f22e8b96e1ab97ce403110664 -> 
  custom:video-decoder-webm-vp8: 9c59270c3fd7afecdb556c50c9e8de78 -> 
  custom:audio-decoder-ogg-vorbis: bf7c407c2cedff20999df2af8eb42d56 -> 
  custom:audio-encoder-webm-vorbis: bf7c407c2cedff20999df2af8eb42d56 -> 
========================================================================
Received Prepare
Registering precompiled user dll's ...
Registered in 0.076183 seconds.
Begin MonoManager ReloadAssembly
Native extension for WindowsStandalone target not found
Refreshing native plugins compatible for Editor in 0.48 ms, found 2 plugins.
Preloading 0 native plugins for Editor in 0.00 ms.
Mono: successfully reloaded assembly
- Completed reload, in  1.144 seconds
Domain Reload Profiling:
	ReloadAssembly (1145ms)
		BeginReloadAssembly (120ms)
			ExecutionOrderSort (0ms)
			DisableScriptedObjects (5ms)
			BackupInstance (0ms)
			ReleaseScriptingObjects (0ms)
			CreateAndSetChildDomain (32ms)
		EndReloadAssembly (957ms)
			LoadAssemblies (97ms)
			RebuildTransferFunctionScriptingTraits (0ms)
			SetupTypeCache (303ms)
			ReleaseScriptCaches (2ms)
			RebuildScriptCaches (40ms)
			SetupLoadedEditorAssemblies (386ms)
				LogAssemblyErrors (0ms)
				InitializePlatformSupportModulesInManaged (8ms)
				SetLoadedEditorAssemblies (1ms)
				RefreshPlugins (1ms)
				BeforeProcessingInitializeOnLoad (103ms)
				ProcessInitializeOnLoadAttributes (250ms)
				ProcessInitializeOnLoadMethodAttributes (13ms)
				AfterProcessingInitializeOnLoad (10ms)
				EditorAssembliesLoaded (0ms)
			ExecutionOrderSort2 (0ms)
			AwakeInstancesAfterBackupRestoration (8ms)
Platform modules already initialized, skipping
Refreshing native plugins compatible for Editor in 0.40 ms, found 2 plugins.
Preloading 0 native plugins for Editor in 0.00 ms.
Unloading 1505 Unused Serialized files (Serialized files now loaded: 0)
System memory in use before: 86.5 MB.
System memory in use after: 86.6 MB.

Unloading 14 unused Assets to reduce memory usage. Loaded Objects now: 2000.
Total: 3.555000 ms (FindLiveObjects: 0.153200 ms CreateObjectMapping: 0.051200 ms MarkObjects: 3.328000 ms  DeleteObjects: 0.021100 ms)

AssetImportParameters requested are different than current active one (requested -> active):
  custom:framework-win-MediaFoundation: 216162199b28c13a410421893ffa2e32 -> 
  custom:video-decoder-ogg-theora: a1e56fd34408186e4bbccfd4996cb3dc -> 
  custom:container-muxer-webm: aa71ff27fc2769a1b78a27578f13a17b -> 
  custom:container-demuxer-webm: 4f35f7cbe854078d1ac9338744f61a02 -> 
  custom:container-demuxer-ogg: 62fdf1f143b41e24485cea50d1cbac27 -> 
  custom:video-encoder-webm-vp8: eb34c28f22e8b96e1ab97ce403110664 -> 
  custom:video-decoder-webm-vp8: 9c59270c3fd7afecdb556c50c9e8de78 -> 
  custom:audio-decoder-ogg-vorbis: bf7c407c2cedff20999df2af8eb42d56 -> 
  custom:audio-encoder-webm-vorbis: bf7c407c2cedff20999df2af8eb42d56 -> 
========================================================================
Received Prepare
Registering precompiled user dll's ...
Registered in 0.004049 seconds.
Begin MonoManager ReloadAssembly
Native extension for WindowsStandalone target not found
Refreshing native plugins compatible for Editor in 0.39 ms, found 2 plugins.
Preloading 0 native plugins for Editor in 0.00 ms.
Mono: successfully reloaded assembly
- Completed reload, in  1.099 seconds
Domain Reload Profiling:
	ReloadAssembly (1100ms)
		BeginReloadAssembly (134ms)
			ExecutionOrderSort (0ms)
			DisableScriptedObjects (5ms)
			BackupInstance (0ms)
			ReleaseScriptingObjects (0ms)
			CreateAndSetChildDomain (44ms)
		EndReloadAssembly (885ms)
			LoadAssemblies (102ms)
			RebuildTransferFunctionScriptingTraits (0ms)
			SetupTypeCache (370ms)
			ReleaseScriptCaches (1ms)
			RebuildScriptCaches (51ms)
			SetupLoadedEditorAssemblies (284ms)
				LogAssemblyErrors (0ms)
				InitializePlatformSupportModulesInManaged (5ms)
				SetLoadedEditorAssemblies (1ms)
				RefreshPlugins (0ms)
				BeforeProcessingInitializeOnLoad (86ms)
				ProcessInitializeOnLoadAttributes (174ms)
				ProcessInitializeOnLoadMethodAttributes (9ms)
				AfterProcessingInitializeOnLoad (10ms)
				EditorAssembliesLoaded (0ms)
			ExecutionOrderSort2 (0ms)
			AwakeInstancesAfterBackupRestoration (6ms)
Platform modules already initialized, skipping
Refreshing native plugins compatible for Editor in 0.44 ms, found 2 plugins.
Preloading 0 native plugins for Editor in 0.00 ms.
Unloading 1505 Unused Serialized files (Serialized files now loaded: 0)
System memory in use before: 86.5 MB.
System memory in use after: 86.6 MB.

Unloading 14 unused Assets to reduce memory usage. Loaded Objects now: 2002.
Total: 2.706400 ms (FindLiveObjects: 0.143100 ms CreateObjectMapping: 0.049600 ms MarkObjects: 2.496700 ms  DeleteObjects: 0.016100 ms)

AssetImportParameters requested are different than current active one (requested -> active):
  custom:framework-win-MediaFoundation: 216162199b28c13a410421893ffa2e32 -> 
  custom:video-decoder-ogg-theora: a1e56fd34408186e4bbccfd4996cb3dc -> 
  custom:container-muxer-webm: aa71ff27fc2769a1b78a27578f13a17b -> 
  custom:container-demuxer-webm: 4f35f7cbe854078d1ac9338744f61a02 -> 
  custom:container-demuxer-ogg: 62fdf1f143b41e24485cea50d1cbac27 -> 
  custom:video-encoder-webm-vp8: eb34c28f22e8b96e1ab97ce403110664 -> 
  custom:video-decoder-webm-vp8: 9c59270c3fd7afecdb556c50c9e8de78 -> 
  custom:audio-decoder-ogg-vorbis: bf7c407c2cedff20999df2af8eb42d56 -> 
  custom:audio-encoder-webm-vorbis: bf7c407c2cedff20999df2af8eb42d56 -> 
========================================================================
Received Prepare
Registering precompiled user dll's ...
Registered in 0.006712 seconds.
Begin MonoManager ReloadAssembly
Native extension for WindowsStandalone target not found
Refreshing native plugins compatible for Editor in 0.45 ms, found 2 plugins.
Preloading 0 native plugins for Editor in 0.00 ms.
Mono: successfully reloaded assembly
- Completed reload, in  1.024 seconds
Domain Reload Profiling:
	ReloadAssembly (1024ms)
		BeginReloadAssembly (117ms)
			ExecutionOrderSort (0ms)
			DisableScriptedObjects (7ms)
			BackupInstance (0ms)
			ReleaseScriptingObjects (0ms)
			CreateAndSetChildDomain (29ms)
		EndReloadAssembly (826ms)
			LoadAssemblies (97ms)
			RebuildTransferFunctionScriptingTraits (0ms)
			SetupTypeCache (325ms)
			ReleaseScriptCaches (1ms)
			RebuildScriptCaches (37ms)
			SetupLoadedEditorAssemblies (286ms)
				LogAssemblyErrors (0ms)
				InitializePlatformSupportModulesInManaged (5ms)
				SetLoadedEditorAssemblies (0ms)
				RefreshPlugins (1ms)
				BeforeProcessingInitializeOnLoad (91ms)
				ProcessInitializeOnLoadAttributes (172ms)
				ProcessInitializeOnLoadMethodAttributes (9ms)
				AfterProcessingInitializeOnLoad (10ms)
				EditorAssembliesLoaded (0ms)
			ExecutionOrderSort2 (0ms)
			AwakeInstancesAfterBackupRestoration (6ms)
Platform modules already initialized, skipping
Refreshing native plugins compatible for Editor in 0.36 ms, found 2 plugins.
Preloading 0 native plugins for Editor in 0.00 ms.
Unloading 1505 Unused Serialized files (Serialized files now loaded: 0)
System memory in use before: 86.5 MB.
System memory in use after: 86.6 MB.

Unloading 14 unused Assets to reduce memory usage. Loaded Objects now: 2004.
Total: 2.822200 ms (FindLiveObjects: 0.142400 ms CreateObjectMapping: 0.043200 ms MarkObjects: 2.621400 ms  DeleteObjects: 0.014300 ms)

AssetImportParameters requested are different than current active one (requested -> active):
  custom:framework-win-MediaFoundation: 216162199b28c13a410421893ffa2e32 -> 
  custom:video-decoder-ogg-theora: a1e56fd34408186e4bbccfd4996cb3dc -> 
  custom:container-muxer-webm: aa71ff27fc2769a1b78a27578f13a17b -> 
  custom:container-demuxer-webm: 4f35f7cbe854078d1ac9338744f61a02 -> 
  custom:container-demuxer-ogg: 62fdf1f143b41e24485cea50d1cbac27 -> 
  custom:video-encoder-webm-vp8: eb34c28f22e8b96e1ab97ce403110664 -> 
  custom:video-decoder-webm-vp8: 9c59270c3fd7afecdb556c50c9e8de78 -> 
  custom:audio-decoder-ogg-vorbis: bf7c407c2cedff20999df2af8eb42d56 -> 
  custom:audio-encoder-webm-vorbis: bf7c407c2cedff20999df2af8eb42d56 -> 
========================================================================
Received Prepare
Registering precompiled user dll's ...
Registered in 0.003804 seconds.
Begin MonoManager ReloadAssembly
Native extension for WindowsStandalone target not found
Refreshing native plugins compatible for Editor in 0.43 ms, found 2 plugins.
Preloading 0 native plugins for Editor in 0.00 ms.
Mono: successfully reloaded assembly
- Completed reload, in  1.128 seconds
Domain Reload Profiling:
	ReloadAssembly (1128ms)
		BeginReloadAssembly (123ms)
			ExecutionOrderSort (0ms)
			DisableScriptedObjects (4ms)
			BackupInstance (0ms)
			ReleaseScriptingObjects (0ms)
			CreateAndSetChildDomain (30ms)
		EndReloadAssembly (939ms)
			LoadAssemblies (104ms)
			RebuildTransferFunctionScriptingTraits (0ms)
			SetupTypeCache (333ms)
			ReleaseScriptCaches (1ms)
			RebuildScriptCaches (44ms)
			SetupLoadedEditorAssemblies (340ms)
				LogAssemblyErrors (0ms)
				InitializePlatformSupportModulesInManaged (6ms)
				SetLoadedEditorAssemblies (1ms)
				RefreshPlugins (1ms)
				BeforeProcessingInitializeOnLoad (96ms)
				ProcessInitializeOnLoadAttributes (215ms)
				ProcessInitializeOnLoadMethodAttributes (9ms)
				AfterProcessingInitializeOnLoad (13ms)
				EditorAssembliesLoaded (0ms)
			ExecutionOrderSort2 (0ms)
			AwakeInstancesAfterBackupRestoration (8ms)
Platform modules already initialized, skipping
Refreshing native plugins compatible for Editor in 0.45 ms, found 2 plugins.
Preloading 0 native plugins for Editor in 0.00 ms.
Unloading 1505 Unused Serialized files (Serialized files now loaded: 0)
System memory in use before: 86.5 MB.
System memory in use after: 86.7 MB.

Unloading 14 unused Assets to reduce memory usage. Loaded Objects now: 2006.
Total: 2.666200 ms (FindLiveObjects: 0.143200 ms CreateObjectMapping: 0.047100 ms MarkObjects: 2.458300 ms  DeleteObjects: 0.016600 ms)

AssetImportParameters requested are different than current active one (requested -> active):
  custom:framework-win-MediaFoundation: 216162199b28c13a410421893ffa2e32 -> 
  custom:video-decoder-ogg-theora: a1e56fd34408186e4bbccfd4996cb3dc -> 
  custom:container-muxer-webm: aa71ff27fc2769a1b78a27578f13a17b -> 
  custom:container-demuxer-webm: 4f35f7cbe854078d1ac9338744f61a02 -> 
  custom:container-demuxer-ogg: 62fdf1f143b41e24485cea50d1cbac27 -> 
  custom:video-encoder-webm-vp8: eb34c28f22e8b96e1ab97ce403110664 -> 
  custom:video-decoder-webm-vp8: 9c59270c3fd7afecdb556c50c9e8de78 -> 
  custom:audio-decoder-ogg-vorbis: bf7c407c2cedff20999df2af8eb42d56 -> 
  custom:audio-encoder-webm-vorbis: bf7c407c2cedff20999df2af8eb42d56 -> 
========================================================================
Received Prepare
Registering precompiled user dll's ...
Registered in 0.570699 seconds.
Begin MonoManager ReloadAssembly
Native extension for WindowsStandalone target not found
Refreshing native plugins compatible for Editor in 0.94 ms, found 2 plugins.
Preloading 0 native plugins for Editor in 0.00 ms.
Mono: successfully reloaded assembly
- Completed reload, in 108.318 seconds
Domain Reload Profiling:
	ReloadAssembly (108846ms)
		BeginReloadAssembly (4029ms)
			ExecutionOrderSort (104ms)
			DisableScriptedObjects (686ms)
			BackupInstance (0ms)
			ReleaseScriptingObjects (13ms)
			CreateAndSetChildDomain (2113ms)
		EndReloadAssembly (104204ms)
			LoadAssemblies (2921ms)
			RebuildTransferFunctionScriptingTraits (0ms)
			SetupTypeCache (2702ms)
			ReleaseScriptCaches (95734ms)
			RebuildScriptCaches (62ms)
			SetupLoadedEditorAssemblies (1510ms)
				LogAssemblyErrors (0ms)
				InitializePlatformSupportModulesInManaged (8ms)
				SetLoadedEditorAssemblies (1ms)
				RefreshPlugins (1ms)
				BeforeProcessingInitializeOnLoad (790ms)
				ProcessInitializeOnLoadAttributes (684ms)
				ProcessInitializeOnLoadMethodAttributes (16ms)
				AfterProcessingInitializeOnLoad (10ms)
				EditorAssembliesLoaded (0ms)
			ExecutionOrderSort2 (0ms)
			AwakeInstancesAfterBackupRestoration (8ms)
Platform modules already initialized, skipping
Refreshing native plugins compatible for Editor in 0.71 ms, found 2 plugins.
Preloading 0 native plugins for Editor in 0.00 ms.
Unloading 1505 Unused Serialized files (Serialized files now loaded: 0)
System memory in use before: 86.6 MB.
System memory in use after: 86.7 MB.

Unloading 14 unused Assets to reduce memory usage. Loaded Objects now: 2008.
Total: 13.354900 ms (FindLiveObjects: 5.219800 ms CreateObjectMapping: 0.465100 ms MarkObjects: 7.608300 ms  DeleteObjects: 0.059600 ms)

AssetImportParameters requested are different than current active one (requested -> active):
  custom:framework-win-MediaFoundation: 216162199b28c13a410421893ffa2e32 -> 
  custom:video-decoder-ogg-theora: a1e56fd34408186e4bbccfd4996cb3dc -> 
  custom:container-muxer-webm: aa71ff27fc2769a1b78a27578f13a17b -> 
  custom:container-demuxer-webm: 4f35f7cbe854078d1ac9338744f61a02 -> 
  custom:container-demuxer-ogg: 62fdf1f143b41e24485cea50d1cbac27 -> 
  custom:video-encoder-webm-vp8: eb34c28f22e8b96e1ab97ce403110664 -> 
  custom:video-decoder-webm-vp8: 9c59270c3fd7afecdb556c50c9e8de78 -> 
  custom:audio-decoder-ogg-vorbis: bf7c407c2cedff20999df2af8eb42d56 -> 
  custom:audio-encoder-webm-vorbis: bf7c407c2cedff20999df2af8eb42d56 -> 
